<?xml version="1.0" encoding="UTF-8"?>
<!-- Generated by org.testng.reporters.JUnitXMLReporter -->
<testsuite ignored="1" hostname="pc63" failures="0" tests="10" name="Default test" time="92.036" errors="0" timestamp="2024-07-02T11:20:10 IST">
  <testcase classname="ServiceUser.ServiceUser" name="loginPage" time="1.424"/>
  <testcase classname="ServiceUser.ServiceUser" name="CreateServiceUser" time="6.843"/>
  <testcase classname="ServiceUser.ServiceUser" name="basicBioInfo" time="14.897"/>
  <testcase classname="ServiceUser.ServiceUser" name="otherBioInfo" time="26.628"/>
  <testcase classname="ServiceUser.ServiceUser" name="RefNumbersVerify" time="6.904"/>
  <testcase classname="ServiceUser.ServiceUser" name="EdTrainingVerify" time="9.518"/>
  <testcase classname="ServiceUser.ServiceUser" name="Accommodation" time="4.969"/>
  <testcase classname="ServiceUser.ServiceUser" name="YOT" time="8.36"/>
  <testcase classname="ServiceUser.ServiceUser" name="Clothing" time="4.407"/>
  <testcase classname="ServiceUser.ServiceUser" name="Information" time="5.296"/>
  <testcase classname="ServiceUser.ServiceUser" name="ManageServiceUser" time="0.0">
    <ignored/>
  </testcase> <!-- ManageServiceUser -->
</testsuite> <!-- Default test -->
