<?xml version="1.0" encoding="UTF-8"?>
<!-- Generated by org.testng.reporters.JUnitXMLReporter -->
<testsuite ignored="0" hostname="pc63" failures="0" tests="10" name="Test" time="95.904" errors="0" timestamp="2024-02-08T14:33:45 IST">
  <testcase classname="com.maketimecountTest.ServiceUser" name="loginPage" time="1.855"/>
  <testcase classname="com.maketimecountTest.ServiceUser" name="CreateServiceUser" time="10.516"/>
  <testcase classname="com.maketimecountTest.ServiceUser" name="basicBioInfo" time="11.276"/>
  <testcase classname="com.maketimecountTest.ServiceUser" name="otherBioInfo" time="24.027"/>
  <testcase classname="com.maketimecountTest.ServiceUser" name="RefNumbersVerify" time="3.838"/>
  <testcase classname="com.maketimecountTest.ServiceUser" name="EdTrainingVerify" time="8.337"/>
  <testcase classname="com.maketimecountTest.ServiceUser" name="AccommodationVerify" time="8.025"/>
  <testcase classname="com.maketimecountTest.ServiceUser" name="YotVerify" time="7.426"/>
  <testcase classname="com.maketimecountTest.ServiceUser" name="ClothingVerify" time="7.454"/>
  <testcase classname="com.maketimecountTest.ServiceUser" name="Info" time="6.404"/>
</testsuite> <!-- Test -->
